#
# There is insufficient memory for the Java Runtime Environment to continue.
# Native memory allocation (mmap) failed to map 132120576 bytes for G1 virtual space
# Possible reasons:
#   The system is out of physical RAM or swap space
#   The process is running with CompressedOops enabled, and the Java Heap may be blocking the growth of the native heap
# Possible solutions:
#   Reduce memory load on the system
#   Increase physical memory or swap space
#   Check if swap backing store is full
#   Decrease Java heap size (-Xmx/-Xms)
#   Decrease number of Java threads
#   Decrease Java thread stack sizes (-Xss)
#   Set larger code cache with -XX:ReservedCodeCacheSize=
#   JVM is running with Unscaled Compressed Oops mode in which the Java heap is
#     placed in the first 4GB address space. The Java Heap base address is the
#     maximum limit for the native heap growth. Please use -XX:HeapBaseMinAddress
#     to set the Java Heap base and to place the Java Heap above 4GB virtual address.
# This output file may be truncated or incomplete.
#
#  Out of Memory Error (./open/src/hotspot/os/windows/os_windows.cpp:3472), pid=10028, tid=12140
#
# JRE version:  (15.0+36) (build )
# Java VM: OpenJDK 64-Bit Server VM (15+36-1562, mixed mode, sharing, tiered, compressed oops, g1 gc, windows-amd64)
# No core dump will be written. Minidumps are not enabled by default on client versions of Windows
#

---------------  S U M M A R Y ------------

Command Line: -javaagent:D:\Ij\IntelliJ IDEA Community Edition 2020.2.2\lib\idea_rt.jar=49715:D:\Ij\IntelliJ IDEA Community Edition 2020.2.2\bin -Dfile.encoding=UTF-8 core.basesyntax.Main

Host: Intel(R) Core(TM) i5-9300H CPU @ 2.40GHz, 8 cores, 7G,  Windows 10 , 64 bit Build 19041 (10.0.19041.1151)
Time: Wed Aug 18 16:58:15 2021 FLE Daylight Time elapsed time: 0.024814 seconds (0d 0h 0m 0s)

---------------  T H R E A D  ---------------

Current thread (0x000001f52277f040):  JavaThread "Unknown thread" [_thread_in_vm, id=12140, stack(0x0000006b4dd00000,0x0000006b4de00000)]

Stack: [0x0000006b4dd00000,0x0000006b4de00000]
Native frames: (J=compiled Java code, j=interpreted, Vv=VM code, C=native code)
V  [jvm.dll+0x629eaa]
V  [jvm.dll+0x780379]
V  [jvm.dll+0x781ad3]
V  [jvm.dll+0x782133]
V  [jvm.dll+0x2159d5]
V  [jvm.dll+0x627299]
V  [jvm.dll+0x61bdd5]
V  [jvm.dll+0x2cf96d]
V  [jvm.dll+0x2cf7d2]
V  [jvm.dll+0x2d57ac]
V  [jvm.dll+0x32523a]
V  [jvm.dll+0x324904]
V  [jvm.dll+0x2a68ea]
V  [jvm.dll+0x2a7a88]
V  [jvm.dll+0x75d0f1]
V  [jvm.dll+0x333af4]
V  [jvm.dll+0x73d816]
V  [jvm.dll+0x3b68e7]
V  [jvm.dll+0x3b8371]
C  [jli.dll+0x52fb]
C  [ucrtbase.dll+0x21bb2]
C  [KERNEL32.DLL+0x17034]
C  [ntdll.dll+0x52651]


---------------  P R O C E S S  ---------------

Threads class SMR info:
_java_thread_list=0x00007ff839b62fa0, length=0, elements={
}

Java Threads: ( => current thread )

Other Threads:
  0x000001f5227beb40 GCTaskThread "GC Thread#0" [stack: 0x0000006b4de00000,0x0000006b4df00000] [id=20004]
  0x000001f5227d07e0 ConcurrentGCThread "G1 Main Marker" [stack: 0x0000006b4df00000,0x0000006b4e000000] [id=12872]
  0x000001f5227d1b70 ConcurrentGCThread "G1 Conc#0" [stack: 0x0000006b4e000000,0x0000006b4e100000] [id=3476]

[error occurred during error reporting (printing all threads), id 0xc0000005, EXCEPTION_ACCESS_VIOLATION (0xc0000005) at pc=0x00007ff8393577b7]

VM state: not at safepoint (not fully initialized)

VM Mutex/Monitor currently owned by a thread:  ([mutex/lock_event])
[0x000001f52277b700] Heap_lock - owner thread: 0x000001f52277f040

Heap address: 0x0000000082600000, size: 2010 MB, Compressed Oops mode: 32-bit
CDS archive(s) mapped at: [0x0000000000000000-0x0000000000000000-0x0000000000000000), size 0, SharedBaseAddress: 0x0000000800000000, ArchiveRelocationMode: 0.
Narrow klass base: 0x0000000000000000, Narrow klass shift: 0, Narrow klass range: 0x0

Heap:
 garbage-first heap   total 129024K, used 0K [0x0000000082600000, 0x0000000100000000)
  region size 1024K, 0 young (0K), 0 survivors (0K)
 Metaspace       used 0K, capacity 0K, committed 0K, reserved 0K
  class space    used 0K, capacity 0K, committed 0K, reserved 0K

Heap Regions: E=young(eden), S=young(survivor), O=old, HS=humongous(starts), HC=humongous(continues), CS=collection set, F=free, OA=open archive, CA=closed archive, TAMS=top-at-mark-start (previous, next)

Card table byte_map: [0x000001f53a0c0000,0x000001f53a4b0000] _byte_map_base: 0x000001f539cad000

Marking Bits (Prev, Next): (CMBitMap*) 0x000001f5227c0340, (CMBitMap*) 0x000001f5227c0380
 Prev Bits: [0x000001f53a8a0000, 0x000001f53c808000)
 Next Bits: [0x000001f53c810000, 0x000001f53e778000)

GC Heap History (0 events):
No events

Deoptimization events (0 events):
No events

Classes unloaded (0 events):
No events

Classes redefined (0 events):
No events

Internal exceptions (0 events):
No events

Events (1 events):
Event: 0.018 Loaded shared library C:\Users\Admin\.jdks\openjdk-15\bin\java.dll


Dynamic libraries:
0x00007ff6a5520000 - 0x00007ff6a552d000 	C:\Users\Admin\.jdks\openjdk-15\bin\java.exe
0x00007ff876070000 - 0x00007ff876265000 	C:\Windows\SYSTEM32\ntdll.dll
0x00007ff8756f0000 - 0x00007ff8757ad000 	C:\Windows\System32\KERNEL32.DLL
0x00007ff873cf0000 - 0x00007ff873fb9000 	C:\Windows\System32\KERNELBASE.dll
0x00007ff870d50000 - 0x00007ff870de0000 	C:\Windows\SYSTEM32\apphelp.dll
0x00007ff873940000 - 0x00007ff873a40000 	C:\Windows\System32\ucrtbase.dll
0x00007ff86e320000 - 0x00007ff86e339000 	C:\Users\Admin\.jdks\openjdk-15\bin\VCRUNTIME140.dll
0x00007ff86e2d0000 - 0x00007ff86e2e8000 	C:\Users\Admin\.jdks\openjdk-15\bin\jli.dll
0x00007ff874a40000 - 0x00007ff874be0000 	C:\Windows\System32\USER32.dll
0x00007ff8737a0000 - 0x00007ff8737c2000 	C:\Windows\System32\win32u.dll
0x00007ff8522b0000 - 0x00007ff85254a000 	C:\Windows\WinSxS\amd64_microsoft.windows.common-controls_6595b64144ccf1df_6.0.19041.1110_none_60b5254171f9507e\COMCTL32.dll
0x00007ff875aa0000 - 0x00007ff875aca000 	C:\Windows\System32\GDI32.dll
0x00007ff875ec0000 - 0x00007ff875f5e000 	C:\Windows\System32\msvcrt.dll
0x00007ff873fc0000 - 0x00007ff8740cb000 	C:\Windows\System32\gdi32full.dll
0x00007ff873c50000 - 0x00007ff873ced000 	C:\Windows\System32\msvcp_win.dll
0x00007ff874990000 - 0x00007ff8749c0000 	C:\Windows\System32\IMM32.DLL
0x00007ff86eec0000 - 0x00007ff86eecc000 	C:\Users\Admin\.jdks\openjdk-15\bin\vcruntime140_1.dll
0x00007ff84f410000 - 0x00007ff84f4a1000 	C:\Users\Admin\.jdks\openjdk-15\bin\msvcp140.dll
0x00007ff8390a0000 - 0x00007ff839bfc000 	C:\Users\Admin\.jdks\openjdk-15\bin\server\jvm.dll
0x00007ff8755a0000 - 0x00007ff87564c000 	C:\Windows\System32\ADVAPI32.dll
0x00007ff875650000 - 0x00007ff8756eb000 	C:\Windows\System32\sechost.dll
0x00007ff8741e0000 - 0x00007ff87430a000 	C:\Windows\System32\RPCRT4.dll
0x00007ff875f60000 - 0x00007ff875f68000 	C:\Windows\System32\PSAPI.DLL
0x00007ff854e70000 - 0x00007ff854e97000 	C:\Windows\SYSTEM32\WINMM.dll
0x00007ff86e8a0000 - 0x00007ff86e8a9000 	C:\Windows\SYSTEM32\WSOCK32.dll
0x00007ff874c40000 - 0x00007ff874cab000 	C:\Windows\System32\WS2_32.dll
0x00007ff86d680000 - 0x00007ff86d68a000 	C:\Windows\SYSTEM32\VERSION.dll
0x00007ff872030000 - 0x00007ff872042000 	C:\Windows\SYSTEM32\kernel.appcore.dll
0x00007ff86e310000 - 0x00007ff86e31a000 	C:\Users\Admin\.jdks\openjdk-15\bin\jimage.dll
0x00007ff8715b0000 - 0x00007ff871794000 	C:\Windows\SYSTEM32\DBGHELP.DLL
0x00007ff8650a0000 - 0x00007ff8650cc000 	C:\Windows\SYSTEM32\dbgcore.DLL
0x00007ff8738b0000 - 0x00007ff873933000 	C:\Windows\System32\bcryptPrimitives.dll
0x00007ff86e2c0000 - 0x00007ff86e2ce000 	C:\Users\Admin\.jdks\openjdk-15\bin\instrument.dll
0x00007ff86dc70000 - 0x00007ff86dc95000 	C:\Users\Admin\.jdks\openjdk-15\bin\java.dll

dbghelp: loaded successfully - version: 4.0.5 - missing functions: none
symbol engine: initialized successfully - sym options: 0x614 - pdb path: .;C:\Users\Admin\.jdks\openjdk-15\bin;C:\Windows\SYSTEM32;C:\Windows\WinSxS\amd64_microsoft.windows.common-controls_6595b64144ccf1df_6.0.19041.1110_none_60b5254171f9507e;C:\Users\Admin\.jdks\openjdk-15\bin\server

VM Arguments:
jvm_args: -javaagent:D:\Ij\IntelliJ IDEA Community Edition 2020.2.2\lib\idea_rt.jar=49715:D:\Ij\IntelliJ IDEA Community Edition 2020.2.2\bin -Dfile.encoding=UTF-8 
java_command: core.basesyntax.Main
java_class_path (initial): C:\Users\Admin\IdeaProjects\jv-oop-advanced\target\classes
Launcher Type: SUN_STANDARD

[Global flags]
     intx CICompilerCount                          = 4                                         {product} {ergonomic}
     uint ConcGCThreads                            = 2                                         {product} {ergonomic}
     uint G1ConcRefinementThreads                  = 8                                         {product} {ergonomic}
   size_t G1HeapRegionSize                         = 1048576                                   {product} {ergonomic}
    uintx GCDrainStackTargetSize                   = 64                                        {product} {ergonomic}
   size_t InitialHeapSize                          = 132120576                                 {product} {ergonomic}
   size_t MarkStackSize                            = 4194304                                   {product} {ergonomic}
   size_t MaxHeapSize                              = 2107637760                                {product} {ergonomic}
   size_t MinHeapDeltaBytes                        = 1048576                                   {product} {ergonomic}
   size_t MinHeapSize                              = 8388608                                   {product} {ergonomic}
    uintx NonNMethodCodeHeapSize                   = 5839372                                {pd product} {ergonomic}
    uintx NonProfiledCodeHeapSize                  = 122909434                              {pd product} {ergonomic}
    uintx ProfiledCodeHeapSize                     = 122909434                              {pd product} {ergonomic}
    uintx ReservedCodeCacheSize                    = 251658240                              {pd product} {ergonomic}
     bool SegmentedCodeCache                       = true                                      {product} {ergonomic}
   size_t SoftMaxHeapSize                          = 2107637760                             {manageable} {ergonomic}
     bool UseCompressedClassPointers               = true                                 {lp64_product} {ergonomic}
     bool UseCompressedOops                        = true                                 {lp64_product} {ergonomic}
     bool UseG1GC                                  = true                                      {product} {ergonomic}
     bool UseLargePagesIndividualAllocation        = false                                  {pd product} {ergonomic}

Logging:
Log output configuration:
 #0: stdout all=warning uptime,level,tags
 #1: stderr all=off uptime,level,tags

Environment Variables:
PATH=C:\Program Files\Common Files\Oracle\Java\javapath;C:\Program Files (x86)\Common Files\Oracle\Java\javapath;C:\ProgramData\Oracle\Java\javapath;C:\Windows\system32;C:\Windows;C:\Windows\System32\Wbem;C:\Windows\System32\WindowsPowerShell\v1.0\;C:\Windows\System32\OpenSSH\;D:\MATLAB\runtime\win64;D:\MATLAB\bin;D:\MATLAB\polyspace\bin;D:\Git\cmd;C:\Users\Admin\AppData\Local\Microsoft\WindowsApps;D:\VS\Microsoft VS Code\bin;%JAVA_HOME%\bin;C:\Program Files\Apache\apache-maven-3.8.1\\bin;
USERNAME=Admin
OS=Windows_NT
PROCESSOR_IDENTIFIER=Intel64 Family 6 Model 158 Stepping 10, GenuineIntel



---------------  S Y S T E M  ---------------

OS:
 Windows 10 , 64 bit Build 19041 (10.0.19041.1151)
OS uptime: 7 days 16:45 hours

CPU: total 8 (initial active 8) (4 cores per cpu, 2 threads per core) family 6 model 158 stepping 10, cmov, cx8, fxsr, mmx, sse, sse2, sse3, ssse3, sse4.1, sse4.2, popcnt, vzeroupper, avx, avx2, aes, clmul, erms, 3dnowpref, lzcnt, ht, tsc, tscinvbit, bmi1, bmi2, adx, fma, clflush, clflushopt

Memory: 4k page, system-wide physical 8033M (624M free)
TotalPageFile size 19203M (AvailPageFile size 114M)
current process WorkingSet (physical memory assigned to process): 11M, peak: 11M
current process commit charge ("private bytes"): 60M, peak: 186M

vm_info: OpenJDK 64-Bit Server VM (15+36-1562) for windows-amd64 JRE (15+36-1562), built on Aug 11 2020 22:33:04 by "mach5one" with unknown MS VC++:1925

END.
