#
# There is insufficient memory for the Java Runtime Environment to continue.
# Native memory allocation (mmap) failed to map 125829120 bytes for G1 virtual space
# Possible reasons:
#   The system is out of physical RAM or swap space
#   The process is running with CompressedOops enabled, and the Java Heap may be blocking the growth of the native heap
# Possible solutions:
#   Reduce memory load on the system
#   Increase physical memory or swap space
#   Check if swap backing store is full
#   Decrease Java heap size (-Xmx/-Xms)
#   Decrease number of Java threads
#   Decrease Java thread stack sizes (-Xss)
#   Set larger code cache with -XX:ReservedCodeCacheSize=
#   JVM is running with Unscaled Compressed Oops mode in which the Java heap is
#     placed in the first 4GB address space. The Java Heap base address is the
#     maximum limit for the native heap growth. Please use -XX:HeapBaseMinAddress
#     to set the Java Heap base and to place the Java Heap above 4GB virtual address.
# This output file may be truncated or incomplete.
#
#  Out of Memory Error (os_windows.cpp:3530), pid=620, tid=5212
#
# JRE version:  (18.0+36) (build )
# Java VM: Java HotSpot(TM) 64-Bit Server VM (18+36-2087, mixed mode, sharing, tiered, compressed oops, compressed class ptrs, g1 gc, windows-amd64)
# No core dump will be written. Minidumps are not enabled by default on client versions of Windows
#

---------------  S U M M A R Y ------------

Command Line: -javaagent:C:\Program Files\JetBrains\IntelliJ IDEA Community Edition 2021.3.3\lib\idea_rt.jar=57936:C:\Program Files\JetBrains\IntelliJ IDEA Community Edition 2021.3.3\bin -Dfile.encoding=UTF-8 core.basesyntax.Main

Host: AMD A8-9600 RADEON R7, 10 COMPUTE CORES 4C+6G  , 4 cores, 7G,  Windows 10 , 64 bit Build 19041 (10.0.19041.1706)
Time: Wed May 18 10:14:38 2022  Windows 10 , 64 bit Build 19041 (10.0.19041.1706) elapsed time: 0.753914 seconds (0d 0h 0m 0s)

---------------  T H R E A D  ---------------

Current thread (0x000001a99433fa20):  JavaThread "Unknown thread" [_thread_in_vm, id=5212, stack(0x0000001905200000,0x0000001905300000)]

Stack: [0x0000001905200000,0x0000001905300000]
Native frames: (J=compiled Java code, j=interpreted, Vv=VM code, C=native code)
V  [jvm.dll+0x69804a]
V  [jvm.dll+0x7f308d]
V  [jvm.dll+0x7f499e]
V  [jvm.dll+0x7f5053]
V  [jvm.dll+0x25ca3f]
V  [jvm.dll+0x694f99]
V  [jvm.dll+0x689aca]
V  [jvm.dll+0x321efb]
V  [jvm.dll+0x3298d6]
V  [jvm.dll+0x37e47e]
V  [jvm.dll+0x37e6af]
V  [jvm.dll+0x2f9c7a]
V  [jvm.dll+0x2facdd]
V  [jvm.dll+0x7c1cc0]
V  [jvm.dll+0x38b801]
V  [jvm.dll+0x7a09d3]
V  [jvm.dll+0x40d6bf]
V  [jvm.dll+0x40f091]
C  [jli.dll+0x526b]
C  [ucrtbase.dll+0x21bb2]
C  [KERNEL32.DLL+0x17034]
C  [ntdll.dll+0x52651]


---------------  P R O C E S S  ---------------

Threads class SMR info:
_java_thread_list=0x00007ffde3d4e550, length=0, elements={
}

Java Threads: ( => current thread )

Other Threads:
  0x000001a99439a700 WorkerThread "GC Thread#0" [stack: 0x0000001905300000,0x0000001905400000] [id=2952]
  0x000001a9943aa430 ConcurrentGCThread "G1 Main Marker" [stack: 0x0000001905400000,0x0000001905500000] [id=8584]
  0x000001a9943abe30 WorkerThread "G1 Conc#0" [stack: 0x0000001905500000,0x0000001905600000] [id=6260]

[error occurred during error reporting (printing all threads), id 0xc0000005, EXCEPTION_ACCESS_VIOLATION (0xc0000005) at pc=0x00007ffde357a217]

VM state: not at safepoint (not fully initialized)

VM Mutex/Monitor currently owned by a thread:  ([mutex/lock_event])
[0x000001a99433aea0] Heap_lock - owner thread: 0x000001a99433fa20

Heap address: 0x0000000089000000, size: 1904 MB, Compressed Oops mode: 32-bit

CDS archive(s) mapped at: [0x0000000000000000-0x0000000000000000-0x0000000000000000), size 0, SharedBaseAddress: 0x0000000800000000, ArchiveRelocationMode: 0.
Narrow klass base: 0x0000000000000000, Narrow klass shift: 0, Narrow klass range: 0x0

GC Precious Log:
 CardTable entry size: 512
 Card Set container configuration: InlinePtr #cards 5 size 8 Array Of Cards #cards 12 size 40 Howl #buckets 4 coarsen threshold 1843 Howl Bitmap #cards 512 size 80 coarsen threshold 460 Card regions per heap region 1 cards per card region 2048

Heap:
 garbage-first heap   total 0K, used 0K [0x0000000089000000, 0x0000000100000000)
  region size 1024K, 0 young (0K), 0 survivors (0K)

[error occurred during error reporting (printing heap information), id 0xc0000005, EXCEPTION_ACCESS_VIOLATION (0xc0000005) at pc=0x00007ffde3960489]

GC Heap History (0 events):
No events

Deoptimization events (0 events):
No events

Classes loaded (0 events):
No events

Classes unloaded (0 events):
No events

Classes redefined (0 events):
No events

Internal exceptions (0 events):
No events

VM Operations (0 events):
No events

Events (1 events):
Event: 0.312 Loaded shared library C:\Program Files\Java\jdk-18\bin\java.dll


Dynamic libraries:
0x00007ff6217e0000 - 0x00007ff6217f0000 	C:\Program Files\Java\jdk-18\bin\java.exe
0x00007ffe38cf0000 - 0x00007ffe38ee5000 	C:\Windows\SYSTEM32\ntdll.dll
0x00007ffe379b0000 - 0x00007ffe37a6d000 	C:\Windows\System32\KERNEL32.DLL
0x00007ffe36990000 - 0x00007ffe36c5d000 	C:\Windows\System32\KERNELBASE.dll
0x00007ffe365b0000 - 0x00007ffe366b0000 	C:\Windows\System32\ucrtbase.dll
0x00007ffe20bc0000 - 0x00007ffe20bda000 	C:\Program Files\Java\jdk-18\bin\VCRUNTIME140.dll
0x00007ffe1ce00000 - 0x00007ffe1ce18000 	C:\Program Files\Java\jdk-18\bin\jli.dll
0x00007ffe388c0000 - 0x00007ffe3896e000 	C:\Windows\System32\ADVAPI32.dll
0x00007ffe380d0000 - 0x00007ffe3816e000 	C:\Windows\System32\msvcrt.dll
0x00007ffe38b30000 - 0x00007ffe38bcc000 	C:\Windows\System32\sechost.dll
0x00007ffe37390000 - 0x00007ffe374b5000 	C:\Windows\System32\RPCRT4.dll
0x00007ffe37f30000 - 0x00007ffe380d0000 	C:\Windows\System32\USER32.dll
0x00007ffe22520000 - 0x00007ffe227ba000 	C:\Windows\WinSxS\amd64_microsoft.windows.common-controls_6595b64144ccf1df_6.0.19041.1110_none_60b5254171f9507e\COMCTL32.dll
0x00007ffe37360000 - 0x00007ffe3738a000 	C:\Windows\System32\GDI32.dll
0x00007ffe36430000 - 0x00007ffe36452000 	C:\Windows\System32\win32u.dll
0x00007ffe36720000 - 0x00007ffe3682b000 	C:\Windows\System32\gdi32full.dll
0x00007ffe36510000 - 0x00007ffe365ad000 	C:\Windows\System32\msvcp_win.dll
0x00007ffe2d910000 - 0x00007ffe2d91a000 	C:\Windows\SYSTEM32\VERSION.dll
0x00007ffe38bd0000 - 0x00007ffe38c00000 	C:\Windows\System32\IMM32.DLL
0x00007ffe21de0000 - 0x00007ffe21dec000 	C:\Program Files\Java\jdk-18\bin\vcruntime140_1.dll
0x00007ffdfc610000 - 0x00007ffdfc69d000 	C:\Program Files\Java\jdk-18\bin\msvcp140.dll
0x00007ffde3270000 - 0x00007ffde3e81000 	C:\Program Files\Java\jdk-18\bin\server\jvm.dll
0x00007ffe372c0000 - 0x00007ffe372c8000 	C:\Windows\System32\PSAPI.DLL
0x00007ffe315f0000 - 0x00007ffe315f9000 	C:\Windows\SYSTEM32\WSOCK32.dll
0x00007ffe389f0000 - 0x00007ffe38a5b000 	C:\Windows\System32\WS2_32.dll
0x00007ffe2d8e0000 - 0x00007ffe2d907000 	C:\Windows\SYSTEM32\WINMM.dll
0x00007ffe34320000 - 0x00007ffe34332000 	C:\Windows\SYSTEM32\kernel.appcore.dll
0x00007ffe21300000 - 0x00007ffe2130a000 	C:\Program Files\Java\jdk-18\bin\jimage.dll
0x00007ffe27b50000 - 0x00007ffe27d34000 	C:\Windows\SYSTEM32\DBGHELP.DLL
0x00007ffe27b20000 - 0x00007ffe27b4c000 	C:\Windows\SYSTEM32\dbgcore.DLL
0x00007ffe36c60000 - 0x00007ffe36ce2000 	C:\Windows\System32\bcryptPrimitives.dll
0x00007ffe20020000 - 0x00007ffe2002e000 	C:\Program Files\Java\jdk-18\bin\instrument.dll
0x00007ffe182c0000 - 0x00007ffe182e5000 	C:\Program Files\Java\jdk-18\bin\java.dll

dbghelp: loaded successfully - version: 4.0.5 - missing functions: none
symbol engine: initialized successfully - sym options: 0x614 - pdb path: .;C:\Program Files\Java\jdk-18\bin;C:\Windows\SYSTEM32;C:\Windows\WinSxS\amd64_microsoft.windows.common-controls_6595b64144ccf1df_6.0.19041.1110_none_60b5254171f9507e;C:\Program Files\Java\jdk-18\bin\server

VM Arguments:
jvm_args: -javaagent:C:\Program Files\JetBrains\IntelliJ IDEA Community Edition 2021.3.3\lib\idea_rt.jar=57936:C:\Program Files\JetBrains\IntelliJ IDEA Community Edition 2021.3.3\bin -Dfile.encoding=UTF-8 
java_command: core.basesyntax.Main
java_class_path (initial): C:\Users\User\IdeaProjects\jv-oop-advanced\target\classes
Launcher Type: SUN_STANDARD

[Global flags]
     intx CICompilerCount                          = 3                                         {product} {ergonomic}
     uint ConcGCThreads                            = 1                                         {product} {ergonomic}
     uint G1ConcRefinementThreads                  = 4                                         {product} {ergonomic}
   size_t G1HeapRegionSize                         = 1048576                                   {product} {ergonomic}
    uintx GCDrainStackTargetSize                   = 64                                        {product} {ergonomic}
   size_t InitialHeapSize                          = 125829120                                 {product} {ergonomic}
   size_t MarkStackSize                            = 4194304                                   {product} {ergonomic}
   size_t MaxHeapSize                              = 1996488704                                {product} {ergonomic}
   size_t MinHeapDeltaBytes                        = 1048576                                   {product} {ergonomic}
   size_t MinHeapSize                              = 8388608                                   {product} {ergonomic}
    uintx NonNMethodCodeHeapSize                   = 5832780                                {pd product} {ergonomic}
    uintx NonProfiledCodeHeapSize                  = 122912730                              {pd product} {ergonomic}
    uintx ProfiledCodeHeapSize                     = 122912730                              {pd product} {ergonomic}
    uintx ReservedCodeCacheSize                    = 251658240                              {pd product} {ergonomic}
     bool SegmentedCodeCache                       = true                                      {product} {ergonomic}
   size_t SoftMaxHeapSize                          = 1996488704                             {manageable} {ergonomic}
     bool UseCompressedClassPointers               = true                           {product lp64_product} {ergonomic}
     bool UseCompressedOops                        = true                           {product lp64_product} {ergonomic}
     bool UseG1GC                                  = true                                      {product} {ergonomic}
     bool UseLargePagesIndividualAllocation        = false                                  {pd product} {ergonomic}

Logging:
Log output configuration:
 #0: stdout all=warning uptime,level,tags foldmultilines=false
 #1: stderr all=off uptime,level,tags foldmultilines=false

Environment Variables:
JAVA_HOME=C:\Program Files\Java\jdk-18
PATH=C:\Program Files\Common Files\Oracle\Java\javapath;C:\Program Files (x86)\Common Files\Oracle\Java\javapath;C:\Windows\system32;C:\Windows;C:\Windows\System32\Wbem;C:\Windows\System32\WindowsPowerShell\v1.0\;C:\Windows\System32\OpenSSH\;C:\Program Files (x86)\dotnet\;C:\Program Files\Git\cmd;C:\Program Files\Apache\maven\bin;C:\Users\User\AppData\Local\Programs\Python\Python310\Scripts\;C:\Users\User\AppData\Local\Programs\Python\Python310\;C:\Users\User\AppData\Local\Microsoft\WindowsApps;;C:\Users\User\AppData\Local\Programs\Microsoft VS Code\bin;C:\Program Files\JetBrains\IntelliJ IDEA Community Edition 2021.3.3\bin;
USERNAME=Антон
OS=Windows_NT
PROCESSOR_IDENTIFIER=AMD64 Family 21 Model 101 Stepping 1, AuthenticAMD



---------------  S Y S T E M  ---------------

OS:
 Windows 10 , 64 bit Build 19041 (10.0.19041.1706)
OS uptime: 0 days 21:47 hours

CPU: total 4 (initial active 4) (4 cores per cpu, 1 threads per core) family 21 model 101 stepping 1 microcode 0x0, cx8, cmov, fxsr, mmx, 3dnowpref, sse, sse2, sse3, ssse3, sse4a, sse4.1, sse4.2, popcnt, lzcnt, tsc, tscinvbit, avx, avx2, aes, clmul, bmi1, bmi2, fma, vzeroupper, clflush

Memory: 4k page, system-wide physical 7609M (1455M free)
TotalPageFile size 7609M (AvailPageFile size 93M)
current process WorkingSet (physical memory assigned to process): 10M, peak: 10M
current process commit charge ("private bytes"): 51M, peak: 171M

vm_info: Java HotSpot(TM) 64-Bit Server VM (18+36-2087) for windows-amd64 JRE (18+36-2087), built on Feb 15 2022 09:43:11 by "mach5one" with MS VC++ 16.8 / 16.9 (VS2019)

END.
